  application.cpp
C:\Projects\C++\PhotoEditor\MyApplication\examples\PhotoEditor\stb_image.h(2224,32): warning C4244: 'argument': conversion from 'int' to 'short', possible loss of data
  (compiling source file 'application.cpp')
  
C:\Projects\C++\PhotoEditor\MyApplication\examples\PhotoEditor\stb_image.h(2281,35): warning C4244: 'argument': conversion from 'int' to 'short', possible loss of data
  (compiling source file 'application.cpp')
  
C:\Projects\C++\PhotoEditor\MyApplication\examples\PhotoEditor\stb_image.h(3425,49): warning C4244: '=': conversion from 'int' to 'unsigned char', possible loss of data
  (compiling source file 'application.cpp')
  
C:\Projects\C++\PhotoEditor\MyApplication\examples\PhotoEditor\application.cpp(111,35): warning C4459: declaration of 'filePath' hides global declaration
      C:\Projects\C++\PhotoEditor\MyApplication\examples\PhotoEditor\application.cpp(22,17):
      see declaration of 'myApp::filePath'
  
C:\Projects\C++\PhotoEditor\MyApplication\examples\PhotoEditor\application.cpp(131,13): warning C4996: 'strcpy': This function or variable may be unsafe. Consider using strcpy_s instead. To disable deprecation, use _CRT_SECURE_NO_WARNINGS. See online help for details.
C:\Projects\C++\PhotoEditor\MyApplication\examples\PhotoEditor\application.cpp(137,35): warning C4459: declaration of 'filePath' hides global declaration
      C:\Projects\C++\PhotoEditor\MyApplication\examples\PhotoEditor\application.cpp(22,17):
      see declaration of 'myApp::filePath'
  
C:\Projects\C++\PhotoEditor\MyApplication\examples\PhotoEditor\application.cpp(157,13): warning C4996: 'strcpy': This function or variable may be unsafe. Consider using strcpy_s instead. To disable deprecation, use _CRT_SECURE_NO_WARNINGS. See online help for details.
C:\Projects\C++\PhotoEditor\MyApplication\examples\PhotoEditor\application.cpp(219,30): warning C4244: 'initializing': conversion from 'double' to 'unsigned int', possible loss of data
C:\Projects\C++\PhotoEditor\MyApplication\examples\PhotoEditor\application.cpp(229,60): warning C4244: '=': conversion from 'float' to 'short', possible loss of data
C:\Projects\C++\PhotoEditor\MyApplication\examples\PhotoEditor\application.cpp(232,81): warning C4244: '=': conversion from 'float' to 'short', possible loss of data
C:\Projects\C++\PhotoEditor\MyApplication\examples\PhotoEditor\application.cpp(235,85): warning C4244: '=': conversion from 'float' to 'short', possible loss of data
C:\Projects\C++\PhotoEditor\MyApplication\examples\PhotoEditor\application.cpp(238,49): warning C4244: '=': conversion from 'float' to 'short', possible loss of data
C:\Projects\C++\PhotoEditor\MyApplication\examples\PhotoEditor\application.cpp(239,51): warning C4244: '=': conversion from 'int' to 'unsigned char', possible loss of data
C:\Projects\C++\PhotoEditor\MyApplication\examples\PhotoEditor\application.cpp(243,77): warning C4244: '=': conversion from 'float' to 'unsigned char', possible loss of data
C:\Projects\C++\PhotoEditor\MyApplication\examples\PhotoEditor\application.cpp(253,42): warning C4244: '=': conversion from 'float' to 'short', possible loss of data
C:\Projects\C++\PhotoEditor\MyApplication\examples\PhotoEditor\application.cpp(260,43): warning C4244: '=': conversion from 'float' to 'short', possible loss of data
C:\Projects\C++\PhotoEditor\MyApplication\examples\PhotoEditor\application.cpp(270,42): warning C4244: '=': conversion from 'float' to 'short', possible loss of data
C:\Projects\C++\PhotoEditor\MyApplication\examples\PhotoEditor\application.cpp(277,43): warning C4244: '=': conversion from 'float' to 'short', possible loss of data
C:\Projects\C++\PhotoEditor\MyApplication\examples\PhotoEditor\application.cpp(283,28): warning C4244: '=': conversion from 'short' to 'unsigned char', possible loss of data
C:\Projects\C++\PhotoEditor\MyApplication\examples\PhotoEditor\application.cpp(287,45): warning C4244: 'initializing': conversion from 'float' to 'unsigned char', possible loss of data
C:\Projects\C++\PhotoEditor\MyApplication\examples\PhotoEditor\application.cpp(294,42): warning C4244: 'initializing': conversion from 'float' to 'unsigned short', possible loss of data
C:\Projects\C++\PhotoEditor\MyApplication\examples\PhotoEditor\application.cpp(296,28): warning C4244: '=': conversion from 'unsigned short' to 'unsigned char', possible loss of data
C:\Projects\C++\PhotoEditor\MyApplication\examples\PhotoEditor\application.cpp(301,39): warning C4244: 'initializing': conversion from 'double' to 'unsigned int', possible loss of data
C:\Projects\C++\PhotoEditor\MyApplication\examples\PhotoEditor\application.cpp(306,38): warning C4244: '=': conversion from 'float' to 'short', possible loss of data
C:\Projects\C++\PhotoEditor\MyApplication\examples\PhotoEditor\application.cpp(308,55): warning C4244: '=': conversion from 'int' to 'unsigned char', possible loss of data
C:\Projects\C++\PhotoEditor\MyApplication\examples\PhotoEditor\application.cpp(313,42): warning C4244: '=': conversion from 'float' to 'short', possible loss of data
C:\Projects\C++\PhotoEditor\MyApplication\examples\PhotoEditor\application.cpp(315,59): warning C4244: '=': conversion from 'int' to 'unsigned char', possible loss of data
C:\Projects\C++\PhotoEditor\MyApplication\examples\PhotoEditor\application.cpp(351,41): warning C4244: '=': conversion from 'int' to 'float', possible loss of data
C:\Projects\C++\PhotoEditor\MyApplication\examples\PhotoEditor\application.cpp(353,45): warning C4244: '=': conversion from 'int' to 'float', possible loss of data
C:\Projects\C++\PhotoEditor\MyApplication\examples\PhotoEditor\application.cpp(355,43): warning C4244: '=': conversion from 'int' to 'float', possible loss of data
C:\Projects\C++\PhotoEditor\MyApplication\examples\PhotoEditor\application.cpp(360,34): warning C4459: declaration of 'threads' hides global declaration
      C:\Projects\C++\PhotoEditor\MyApplication\examples\PhotoEditor\application.cpp(45,30):
      see declaration of 'myApp::threads'
  
C:\Projects\C++\PhotoEditor\MyApplication\examples\PhotoEditor\application.cpp(480,39): warning C4100: 'exit': unreferenced formal parameter
C:\Projects\C++\PhotoEditor\MyApplication\examples\PhotoEditor\application.cpp(633,34): warning C4244: '=': conversion from 'double' to 'int', possible loss of data
C:\Projects\C++\PhotoEditor\MyApplication\examples\PhotoEditor\application.cpp(636,42): warning C4244: 'argument': conversion from 'int' to 'float', possible loss of data
C:\Projects\C++\PhotoEditor\MyApplication\examples\PhotoEditor\application.cpp(636,36): warning C4244: 'argument': conversion from 'int' to 'float', possible loss of data
C:\Projects\C++\PhotoEditor\MyApplication\examples\PhotoEditor\application.cpp(653,40): warning C4244: '-=': conversion from 'float' to 'int', possible loss of data
C:\Projects\C++\PhotoEditor\MyApplication\examples\PhotoEditor\application.cpp(654,40): warning C4244: '-=': conversion from 'float' to 'int', possible loss of data
C:\Projects\C++\PhotoEditor\MyApplication\examples\PhotoEditor\application.cpp(687,13): warning C4996: 'strcpy': This function or variable may be unsafe. Consider using strcpy_s instead. To disable deprecation, use _CRT_SECURE_NO_WARNINGS. See online help for details.
C:\Projects\C++\PhotoEditor\MyApplication\examples\PhotoEditor\application.cpp(696,17): warning C4996: 'strcpy': This function or variable may be unsafe. Consider using strcpy_s instead. To disable deprecation, use _CRT_SECURE_NO_WARNINGS. See online help for details.
C:\Projects\C++\PhotoEditor\MyApplication\examples\PhotoEditor\application.cpp(699,17): warning C4996: 'strcpy': This function or variable may be unsafe. Consider using strcpy_s instead. To disable deprecation, use _CRT_SECURE_NO_WARNINGS. See online help for details.
C:\Projects\C++\PhotoEditor\MyApplication\examples\PhotoEditor\application.cpp(702,17): warning C4996: 'strcpy': This function or variable may be unsafe. Consider using strcpy_s instead. To disable deprecation, use _CRT_SECURE_NO_WARNINGS. See online help for details.
C:\Projects\C++\PhotoEditor\MyApplication\examples\PhotoEditor\application.cpp(733,47): warning C4244: '=': conversion from 'float' to 'int', possible loss of data
C:\Projects\C++\PhotoEditor\MyApplication\examples\PhotoEditor\application.cpp(734,30): warning C4244: 'argument': conversion from 'int' to 'float', possible loss of data
C:\Projects\C++\PhotoEditor\MyApplication\examples\PhotoEditor\application.cpp(893,48): warning C4244: '=': conversion from 'float' to 'int', possible loss of data
C:\Projects\C++\PhotoEditor\MyApplication\examples\PhotoEditor\application.cpp(895,32): warning C4244: '=': conversion from 'float' to 'int', possible loss of data
C:\Projects\C++\PhotoEditor\MyApplication\examples\PhotoEditor\application.cpp(896,59): warning C4244: '=': conversion from 'float' to 'int', possible loss of data
C:\Projects\C++\PhotoEditor\MyApplication\examples\PhotoEditor\application.cpp(897,62): warning C4244: 'argument': conversion from 'int' to 'float', possible loss of data
C:\Projects\C++\PhotoEditor\MyApplication\examples\PhotoEditor\application.cpp(897,48): warning C4244: 'argument': conversion from 'int' to 'float', possible loss of data
C:\Projects\C++\PhotoEditor\MyApplication\examples\PhotoEditor\application.cpp(907,32): warning C4018: '>': signed/unsigned mismatch
C:\Projects\C++\PhotoEditor\MyApplication\examples\PhotoEditor\application.cpp(602,83): warning C4100: 'subhead': unreferenced formal parameter
C:\Projects\C++\PhotoEditor\MyApplication\examples\PhotoEditor\application.cpp(602,69): warning C4100: 'head': unreferenced formal parameter
C:\Projects\C++\PhotoEditor\MyApplication\examples\PhotoEditor\application.cpp(602,41): warning C4100: 'exit': unreferenced formal parameter
C:\Projects\C++\PhotoEditor\MyApplication\examples\PhotoEditor\application.cpp(92,17): warning C4505: 'myApp::getFolderPath': unreferenced function with internal linkage has been removed
  Generating code
  2 of 2490 functions (<0.1%) were compiled, the rest were copied from previous compilation.
    0 functions were new in current compilation
    59 functions had inline decision re-evaluated but remain unchanged
  Finished generating code
  example_glfw_opengl3.vcxproj -> C:\Projects\C++\PhotoEditor\MyApplication\examples\PhotoEditor\Release\photoEditor.exe
