  imgui.cpp
  imgui_demo.cpp
  imgui_draw.cpp
  imgui_tables.cpp
  imgui_widgets.cpp
  imgui_impl_glfw.cpp
  imgui_impl_opengl3.cpp
  application.cpp
C:\Projects\ImGuiApps\basics\examples\photoEditor\stb_image.h(2224,32): warning C4244: 'argument': conversion from 'int' to 'short', possible loss of data
  (compiling source file 'application.cpp')
  
C:\Projects\ImGuiApps\basics\examples\photoEditor\stb_image.h(2281,35): warning C4244: 'argument': conversion from 'int' to 'short', possible loss of data
  (compiling source file 'application.cpp')
  
C:\Projects\ImGuiApps\basics\examples\photoEditor\stb_image.h(3425,49): warning C4244: '=': conversion from 'int' to 'unsigned char', possible loss of data
  (compiling source file 'application.cpp')
  
C:\Projects\ImGuiApps\basics\examples\photoEditor\application.cpp(84,16): warning C4312: 'type cast': conversion from 'GLuint' to 'ImTextureID' of greater size
C:\Projects\ImGuiApps\basics\examples\photoEditor\application.cpp(105,35): warning C4459: declaration of 'filePath' hides global declaration
  C:\Projects\ImGuiApps\basics\examples\photoEditor\application.cpp(22,17):
  see declaration of 'myApp::filePath'
  
C:\Projects\ImGuiApps\basics\examples\photoEditor\application.cpp(125,13): warning C4996: 'strcpy': This function or variable may be unsafe. Consider using strcpy_s instead. To disable deprecation, use _CRT_SECURE_NO_WARNINGS. See online help for details.
C:\Projects\ImGuiApps\basics\examples\photoEditor\application.cpp(135,36): warning C4018: '<': signed/unsigned mismatch
C:\Projects\ImGuiApps\basics\examples\photoEditor\application.cpp(137,40): warning C4018: '<': signed/unsigned mismatch
C:\Projects\ImGuiApps\basics\examples\photoEditor\application.cpp(187,40): warning C4018: '<': signed/unsigned mismatch
C:\Projects\ImGuiApps\basics\examples\photoEditor\application.cpp(189,44): warning C4018: '<': signed/unsigned mismatch
C:\Projects\ImGuiApps\basics\examples\photoEditor\application.cpp(194,92): warning C4244: '=': conversion from 'float' to 'int', possible loss of data
C:\Projects\ImGuiApps\basics\examples\photoEditor\application.cpp(199,57): warning C4244: '=': conversion from 'int' to '_Tp', possible loss of data
C:\Projects\ImGuiApps\basics\examples\photoEditor\application.cpp(199,57): warning C4244:         with
C:\Projects\ImGuiApps\basics\examples\photoEditor\application.cpp(199,57): warning C4244:         [
C:\Projects\ImGuiApps\basics\examples\photoEditor\application.cpp(199,57): warning C4244:             _Tp=uchar
C:\Projects\ImGuiApps\basics\examples\photoEditor\application.cpp(199,57): warning C4244:         ]
C:\Projects\ImGuiApps\basics\examples\photoEditor\application.cpp(200,92): warning C4244: '=': conversion from 'float' to 'int', possible loss of data
C:\Projects\ImGuiApps\basics\examples\photoEditor\application.cpp(205,57): warning C4244: '=': conversion from 'int' to '_Tp', possible loss of data
C:\Projects\ImGuiApps\basics\examples\photoEditor\application.cpp(205,57): warning C4244:         with
C:\Projects\ImGuiApps\basics\examples\photoEditor\application.cpp(205,57): warning C4244:         [
C:\Projects\ImGuiApps\basics\examples\photoEditor\application.cpp(205,57): warning C4244:             _Tp=uchar
C:\Projects\ImGuiApps\basics\examples\photoEditor\application.cpp(205,57): warning C4244:         ]
C:\Projects\ImGuiApps\basics\examples\photoEditor\application.cpp(206,92): warning C4244: '=': conversion from 'float' to 'int', possible loss of data
C:\Projects\ImGuiApps\basics\examples\photoEditor\application.cpp(211,57): warning C4244: '=': conversion from 'int' to '_Tp', possible loss of data
C:\Projects\ImGuiApps\basics\examples\photoEditor\application.cpp(211,57): warning C4244:         with
C:\Projects\ImGuiApps\basics\examples\photoEditor\application.cpp(211,57): warning C4244:         [
C:\Projects\ImGuiApps\basics\examples\photoEditor\application.cpp(211,57): warning C4244:             _Tp=uchar
C:\Projects\ImGuiApps\basics\examples\photoEditor\application.cpp(211,57): warning C4244:         ]
C:\Projects\ImGuiApps\basics\examples\photoEditor\application.cpp(215,118): warning C4244: '=': conversion from 'float' to 'int', possible loss of data
C:\Projects\ImGuiApps\basics\examples\photoEditor\application.cpp(220,57): warning C4244: '=': conversion from 'int' to '_Tp', possible loss of data
C:\Projects\ImGuiApps\basics\examples\photoEditor\application.cpp(220,57): warning C4244:         with
C:\Projects\ImGuiApps\basics\examples\photoEditor\application.cpp(220,57): warning C4244:         [
C:\Projects\ImGuiApps\basics\examples\photoEditor\application.cpp(220,57): warning C4244:             _Tp=uchar
C:\Projects\ImGuiApps\basics\examples\photoEditor\application.cpp(220,57): warning C4244:         ]
C:\Projects\ImGuiApps\basics\examples\photoEditor\application.cpp(221,118): warning C4244: '=': conversion from 'float' to 'int', possible loss of data
C:\Projects\ImGuiApps\basics\examples\photoEditor\application.cpp(226,57): warning C4244: '=': conversion from 'int' to '_Tp', possible loss of data
C:\Projects\ImGuiApps\basics\examples\photoEditor\application.cpp(226,57): warning C4244:         with
C:\Projects\ImGuiApps\basics\examples\photoEditor\application.cpp(226,57): warning C4244:         [
C:\Projects\ImGuiApps\basics\examples\photoEditor\application.cpp(226,57): warning C4244:             _Tp=uchar
C:\Projects\ImGuiApps\basics\examples\photoEditor\application.cpp(226,57): warning C4244:         ]
C:\Projects\ImGuiApps\basics\examples\photoEditor\application.cpp(227,118): warning C4244: '=': conversion from 'float' to 'int', possible loss of data
C:\Projects\ImGuiApps\basics\examples\photoEditor\application.cpp(232,57): warning C4244: '=': conversion from 'int' to '_Tp', possible loss of data
C:\Projects\ImGuiApps\basics\examples\photoEditor\application.cpp(232,57): warning C4244:         with
C:\Projects\ImGuiApps\basics\examples\photoEditor\application.cpp(232,57): warning C4244:         [
C:\Projects\ImGuiApps\basics\examples\photoEditor\application.cpp(232,57): warning C4244:             _Tp=uchar
C:\Projects\ImGuiApps\basics\examples\photoEditor\application.cpp(232,57): warning C4244:         ]
C:\Projects\ImGuiApps\basics\examples\photoEditor\application.cpp(236,109): warning C4244: '=': conversion from 'double' to 'int', possible loss of data
C:\Projects\ImGuiApps\basics\examples\photoEditor\application.cpp(241,57): warning C4244: '=': conversion from 'int' to '_Tp', possible loss of data
C:\Projects\ImGuiApps\basics\examples\photoEditor\application.cpp(241,57): warning C4244:         with
C:\Projects\ImGuiApps\basics\examples\photoEditor\application.cpp(241,57): warning C4244:         [
C:\Projects\ImGuiApps\basics\examples\photoEditor\application.cpp(241,57): warning C4244:             _Tp=uchar
C:\Projects\ImGuiApps\basics\examples\photoEditor\application.cpp(241,57): warning C4244:         ]
C:\Projects\ImGuiApps\basics\examples\photoEditor\application.cpp(242,109): warning C4244: '=': conversion from 'double' to 'int', possible loss of data
C:\Projects\ImGuiApps\basics\examples\photoEditor\application.cpp(247,57): warning C4244: '=': conversion from 'int' to '_Tp', possible loss of data
C:\Projects\ImGuiApps\basics\examples\photoEditor\application.cpp(247,57): warning C4244:         with
C:\Projects\ImGuiApps\basics\examples\photoEditor\application.cpp(247,57): warning C4244:         [
C:\Projects\ImGuiApps\basics\examples\photoEditor\application.cpp(247,57): warning C4244:             _Tp=uchar
C:\Projects\ImGuiApps\basics\examples\photoEditor\application.cpp(247,57): warning C4244:         ]
C:\Projects\ImGuiApps\basics\examples\photoEditor\application.cpp(248,109): warning C4244: '=': conversion from 'double' to 'int', possible loss of data
C:\Projects\ImGuiApps\basics\examples\photoEditor\application.cpp(253,57): warning C4244: '=': conversion from 'int' to '_Tp', possible loss of data
C:\Projects\ImGuiApps\basics\examples\photoEditor\application.cpp(253,57): warning C4244:         with
C:\Projects\ImGuiApps\basics\examples\photoEditor\application.cpp(253,57): warning C4244:         [
C:\Projects\ImGuiApps\basics\examples\photoEditor\application.cpp(253,57): warning C4244:             _Tp=uchar
C:\Projects\ImGuiApps\basics\examples\photoEditor\application.cpp(253,57): warning C4244:         ]
C:\Projects\ImGuiApps\basics\examples\photoEditor\application.cpp(283,41): warning C4244: '=': conversion from 'int' to 'float', possible loss of data
C:\Projects\ImGuiApps\basics\examples\photoEditor\application.cpp(285,45): warning C4244: '=': conversion from 'int' to 'float', possible loss of data
C:\Projects\ImGuiApps\basics\examples\photoEditor\application.cpp(287,43): warning C4244: '=': conversion from 'int' to 'float', possible loss of data
C:\Projects\ImGuiApps\basics\examples\photoEditor\application.cpp(381,39): warning C4100: 'exit': unreferenced formal parameter
C:\Projects\ImGuiApps\basics\examples\photoEditor\application.cpp(508,42): warning C4244: 'argument': conversion from 'int' to 'float', possible loss of data
C:\Projects\ImGuiApps\basics\examples\photoEditor\application.cpp(508,36): warning C4244: 'argument': conversion from 'int' to 'float', possible loss of data
C:\Projects\ImGuiApps\basics\examples\photoEditor\application.cpp(525,40): warning C4244: '-=': conversion from 'float' to 'int', possible loss of data
C:\Projects\ImGuiApps\basics\examples\photoEditor\application.cpp(526,40): warning C4244: '-=': conversion from 'float' to 'int', possible loss of data
C:\Projects\ImGuiApps\basics\examples\photoEditor\application.cpp(556,47): warning C4244: '=': conversion from 'float' to 'int', possible loss of data
C:\Projects\ImGuiApps\basics\examples\photoEditor\application.cpp(557,30): warning C4244: 'argument': conversion from 'int' to 'float', possible loss of data
C:\Projects\ImGuiApps\basics\examples\photoEditor\application.cpp(559,80): warning C4244: 'argument': conversion from 'float' to 'int', possible loss of data
C:\Projects\ImGuiApps\basics\examples\photoEditor\application.cpp(559,72): warning C4244: 'argument': conversion from 'float' to 'int', possible loss of data
C:\Projects\ImGuiApps\basics\examples\photoEditor\application.cpp(568,76): warning C4244: 'argument': conversion from 'float' to 'int', possible loss of data
C:\Projects\ImGuiApps\basics\examples\photoEditor\application.cpp(568,68): warning C4244: 'argument': conversion from 'float' to 'int', possible loss of data
C:\Projects\ImGuiApps\basics\examples\photoEditor\application.cpp(577,76): warning C4244: 'argument': conversion from 'float' to 'int', possible loss of data
C:\Projects\ImGuiApps\basics\examples\photoEditor\application.cpp(577,68): warning C4244: 'argument': conversion from 'float' to 'int', possible loss of data
C:\Projects\ImGuiApps\basics\examples\photoEditor\application.cpp(586,78): warning C4244: 'argument': conversion from 'float' to 'int', possible loss of data
C:\Projects\ImGuiApps\basics\examples\photoEditor\application.cpp(586,70): warning C4244: 'argument': conversion from 'float' to 'int', possible loss of data
C:\Projects\ImGuiApps\basics\examples\photoEditor\application.cpp(595,75): warning C4244: 'argument': conversion from 'float' to 'int', possible loss of data
C:\Projects\ImGuiApps\basics\examples\photoEditor\application.cpp(595,67): warning C4244: 'argument': conversion from 'float' to 'int', possible loss of data
C:\Projects\ImGuiApps\basics\examples\photoEditor\application.cpp(604,74): warning C4244: 'argument': conversion from 'float' to 'int', possible loss of data
C:\Projects\ImGuiApps\basics\examples\photoEditor\application.cpp(604,66): warning C4244: 'argument': conversion from 'float' to 'int', possible loss of data
C:\Projects\ImGuiApps\basics\examples\photoEditor\application.cpp(613,74): warning C4244: 'argument': conversion from 'float' to 'int', possible loss of data
C:\Projects\ImGuiApps\basics\examples\photoEditor\application.cpp(613,66): warning C4244: 'argument': conversion from 'float' to 'int', possible loss of data
C:\Projects\ImGuiApps\basics\examples\photoEditor\application.cpp(622,68): warning C4244: 'argument': conversion from 'float' to 'int', possible loss of data
C:\Projects\ImGuiApps\basics\examples\photoEditor\application.cpp(622,62): warning C4244: 'argument': conversion from 'float' to 'int', possible loss of data
C:\Projects\ImGuiApps\basics\examples\photoEditor\application.cpp(631,75): warning C4244: 'argument': conversion from 'float' to 'int', possible loss of data
C:\Projects\ImGuiApps\basics\examples\photoEditor\application.cpp(631,69): warning C4244: 'argument': conversion from 'float' to 'int', possible loss of data
C:\Projects\ImGuiApps\basics\examples\photoEditor\application.cpp(640,72): warning C4244: 'argument': conversion from 'float' to 'int', possible loss of data
C:\Projects\ImGuiApps\basics\examples\photoEditor\application.cpp(640,66): warning C4244: 'argument': conversion from 'float' to 'int', possible loss of data
C:\Projects\ImGuiApps\basics\examples\photoEditor\application.cpp(649,79): warning C4244: 'argument': conversion from 'float' to 'int', possible loss of data
C:\Projects\ImGuiApps\basics\examples\photoEditor\application.cpp(649,73): warning C4244: 'argument': conversion from 'float' to 'int', possible loss of data
C:\Projects\ImGuiApps\basics\examples\photoEditor\application.cpp(658,74): warning C4244: 'argument': conversion from 'float' to 'int', possible loss of data
C:\Projects\ImGuiApps\basics\examples\photoEditor\application.cpp(658,68): warning C4244: 'argument': conversion from 'float' to 'int', possible loss of data
C:\Projects\ImGuiApps\basics\examples\photoEditor\application.cpp(667,74): warning C4244: 'argument': conversion from 'float' to 'int', possible loss of data
C:\Projects\ImGuiApps\basics\examples\photoEditor\application.cpp(667,68): warning C4244: 'argument': conversion from 'float' to 'int', possible loss of data
C:\Projects\ImGuiApps\basics\examples\photoEditor\application.cpp(676,81): warning C4244: 'argument': conversion from 'float' to 'int', possible loss of data
C:\Projects\ImGuiApps\basics\examples\photoEditor\application.cpp(676,75): warning C4244: 'argument': conversion from 'float' to 'int', possible loss of data
C:\Projects\ImGuiApps\basics\examples\photoEditor\application.cpp(685,76): warning C4244: 'argument': conversion from 'float' to 'int', possible loss of data
C:\Projects\ImGuiApps\basics\examples\photoEditor\application.cpp(685,70): warning C4244: 'argument': conversion from 'float' to 'int', possible loss of data
C:\Projects\ImGuiApps\basics\examples\photoEditor\application.cpp(694,73): warning C4244: 'argument': conversion from 'float' to 'int', possible loss of data
C:\Projects\ImGuiApps\basics\examples\photoEditor\application.cpp(694,67): warning C4244: 'argument': conversion from 'float' to 'int', possible loss of data
C:\Projects\ImGuiApps\basics\examples\photoEditor\application.cpp(703,80): warning C4244: 'argument': conversion from 'float' to 'int', possible loss of data
C:\Projects\ImGuiApps\basics\examples\photoEditor\application.cpp(703,74): warning C4244: 'argument': conversion from 'float' to 'int', possible loss of data
C:\Projects\ImGuiApps\basics\examples\photoEditor\application.cpp(712,75): warning C4244: 'argument': conversion from 'float' to 'int', possible loss of data
C:\Projects\ImGuiApps\basics\examples\photoEditor\application.cpp(712,69): warning C4244: 'argument': conversion from 'float' to 'int', possible loss of data
C:\Projects\ImGuiApps\basics\examples\photoEditor\application.cpp(721,70): warning C4244: 'argument': conversion from 'float' to 'int', possible loss of data
C:\Projects\ImGuiApps\basics\examples\photoEditor\application.cpp(721,64): warning C4244: 'argument': conversion from 'float' to 'int', possible loss of data
C:\Projects\ImGuiApps\basics\examples\photoEditor\application.cpp(730,71): warning C4244: 'argument': conversion from 'float' to 'int', possible loss of data
C:\Projects\ImGuiApps\basics\examples\photoEditor\application.cpp(730,65): warning C4244: 'argument': conversion from 'float' to 'int', possible loss of data
C:\Projects\ImGuiApps\basics\examples\photoEditor\application.cpp(739,71): warning C4244: 'argument': conversion from 'float' to 'int', possible loss of data
C:\Projects\ImGuiApps\basics\examples\photoEditor\application.cpp(739,65): warning C4244: 'argument': conversion from 'float' to 'int', possible loss of data
C:\Projects\ImGuiApps\basics\examples\photoEditor\application.cpp(748,75): warning C4244: 'argument': conversion from 'float' to 'int', possible loss of data
C:\Projects\ImGuiApps\basics\examples\photoEditor\application.cpp(748,69): warning C4244: 'argument': conversion from 'float' to 'int', possible loss of data
C:\Projects\ImGuiApps\basics\examples\photoEditor\application.cpp(757,74): warning C4244: 'argument': conversion from 'float' to 'int', possible loss of data
C:\Projects\ImGuiApps\basics\examples\photoEditor\application.cpp(757,68): warning C4244: 'argument': conversion from 'float' to 'int', possible loss of data
C:\Projects\ImGuiApps\basics\examples\photoEditor\application.cpp(769,48): warning C4244: '=': conversion from 'float' to 'int', possible loss of data
C:\Projects\ImGuiApps\basics\examples\photoEditor\application.cpp(771,32): warning C4244: '=': conversion from 'float' to 'int', possible loss of data
C:\Projects\ImGuiApps\basics\examples\photoEditor\application.cpp(772,59): warning C4244: '=': conversion from 'float' to 'int', possible loss of data
C:\Projects\ImGuiApps\basics\examples\photoEditor\application.cpp(773,62): warning C4244: 'argument': conversion from 'int' to 'float', possible loss of data
C:\Projects\ImGuiApps\basics\examples\photoEditor\application.cpp(773,48): warning C4244: 'argument': conversion from 'int' to 'float', possible loss of data
C:\Projects\ImGuiApps\basics\examples\photoEditor\application.cpp(495,83): warning C4100: 'subhead': unreferenced formal parameter
C:\Projects\ImGuiApps\basics\examples\photoEditor\application.cpp(495,69): warning C4100: 'head': unreferenced formal parameter
C:\Projects\ImGuiApps\basics\examples\photoEditor\application.cpp(495,41): warning C4100: 'exit': unreferenced formal parameter
C:\Projects\ImGuiApps\basics\examples\photoEditor\application.cpp(86,17): warning C4505: 'myApp::getFolderPath': unreferenced function with internal linkage has been removed
C:\Projects\ImGuiApps\basics\examples\photoEditor\application.cpp(131,17): warning C4505: 'myApp::contrast': unreferenced function with internal linkage has been removed
  main.cpp
C:\Projects\ImGuiApps\basics\examples\photoEditor\main.cpp(50,30): warning C4244: 'initializing': conversion from 'float' to 'unsigned int', possible loss of data
C:\Projects\ImGuiApps\basics\examples\photoEditor\main.cpp(51,31): warning C4244: 'initializing': conversion from 'float' to 'unsigned int', possible loss of data
C:\Projects\ImGuiApps\basics\examples\photoEditor\main.cpp(82,76): warning C4244: 'argument': conversion from 'float' to 'int', possible loss of data
C:\Projects\ImGuiApps\basics\examples\photoEditor\main.cpp(82,55): warning C4244: 'argument': conversion from 'float' to 'int', possible loss of data
C:\Projects\ImGuiApps\basics\examples\photoEditor\main.cpp(46,9): warning C4100: 'nShowCmd': unreferenced formal parameter
C:\Projects\ImGuiApps\basics\examples\photoEditor\main.cpp(45,11): warning C4100: 'lpCmdLine': unreferenced formal parameter
C:\Projects\ImGuiApps\basics\examples\photoEditor\main.cpp(44,15): warning C4100: 'hPrevInstance': unreferenced formal parameter
C:\Projects\ImGuiApps\basics\examples\photoEditor\main.cpp(43,15): warning C4100: 'hInstance': unreferenced formal parameter
C:\Projects\ImGuiApps\basics\examples\photoEditor\main.cpp(126,13): warning C4189: 'normal': local variable is initialized but not referenced
C:\Projects\ImGuiApps\basics\examples\photoEditor\main.cpp(138,10): warning C4189: 'show_demo_window': local variable is initialized but not referenced
C:\Projects\ImGuiApps\basics\examples\photoEditor\main.cpp(139,10): warning C4189: 'show_another_window': local variable is initialized but not referenced
  Generating code
  Previous IPDB not found, fall back to full compilation.
  All 2163 functions were compiled because no usable IPDB/IOBJ from previous compilation was found.
  Finished generating code
  example_glfw_opengl3.vcxproj -> C:\Projects\ImGuiApps\basics\examples\photoEditor\Release\photoEditor.exe
